<?xml version="1.0" encoding="utf-8"?><testsuites name="pytest tests"><testsuite name="pytest" errors="0" failures="0" skipped="0" tests="21" time="13.326" timestamp="2026-03-09T05:56:50.406576+00:00" hostname="agent-env-d51ecd5b-d9f1-4320-916d-11dc57078c1b"><testcase classname="backend.tests.test_adaptive_learning.TestAuth" name="test_teacher_login" time="0.790" /><testcase classname="backend.tests.test_adaptive_learning.TestAuth" name="test_student_login" time="0.633" /><testcase classname="backend.tests.test_adaptive_learning.TestAuth" name="test_invalid_credentials" time="0.434" /><testcase classname="backend.tests.test_adaptive_learning.TestAuth" name="test_get_me_student" time="1.145" /><testcase classname="backend.tests.test_adaptive_learning.TestAuth" name="test_get_me_teacher" time="1.034" /><testcase classname="backend.tests.test_adaptive_learning.TestAuth" name="test_protected_route_no_token" time="0.398" /><testcase classname="backend.tests.test_adaptive_learning.TestQuizzes" name="test_list_quizzes" time="0.403" /><testcase classname="backend.tests.test_adaptive_learning.TestQuizzes" name="test_get_quiz_by_id" time="0.816" /><testcase classname="backend.tests.test_adaptive_learning.TestQuizzes" name="test_submit_quiz" time="0.822" /><testcase classname="backend.tests.test_adaptive_learning.TestQuizzes" name="test_get_my_quiz_attempts" time="0.409" /><testcase classname="backend.tests.test_adaptive_learning.TestCodingTasks" name="test_list_coding_tasks" time="0.402" /><testcase classname="backend.tests.test_adaptive_learning.TestCodingTasks" name="test_submit_code" time="0.805" /><testcase classname="backend.tests.test_adaptive_learning.TestLessons" name="test_list_lessons" time="0.400" /><testcase classname="backend.tests.test_adaptive_learning.TestLessons" name="test_record_watch_session" time="0.802" /><testcase classname="backend.tests.test_adaptive_learning.TestAnalytics" name="test_student_analytics" time="0.419" /><testcase classname="backend.tests.test_adaptive_learning.TestAnalytics" name="test_teacher_analytics" time="0.446" /><testcase classname="backend.tests.test_adaptive_learning.TestAnalytics" name="test_charlie_is_at_risk" time="0.423" /><testcase classname="backend.tests.test_adaptive_learning.TestAnalytics" name="test_teacher_student_analytics" time="0.855" /><testcase classname="backend.tests.test_adaptive_learning.TestStudentManagement" name="test_list_students" time="0.405" /><testcase classname="backend.tests.test_adaptive_learning.TestStudentManagement" name="test_add_and_delete_student" time="1.032" /><testcase classname="backend.tests.test_adaptive_learning.TestStudentManagement" name="test_student_cannot_list_students" time="0.393" /></testsuite></testsuites>